/var/local/sangmank/privos/host/qemu-kvm-0.15.1/x86_64-softmmu/qemu-system-x86_64 -m 2048 -net nic,model=virtio,encrypt,macaddr=52:54:F4:A0:AC:0A -net user,net=10.0.0.0/8,dhcpstart=10.0.0.1 -redir tcp:8080:10.0.0.1:80 -redir tcp:2222:10.0.0.1:22 --snapshot /var/local/sangmank/privos/diff_base.img -priv-sound -priv-diff
Using a nonsense rng (outputs 0x01 bytes always)
do_kex: process_msg: rc 1
kern_send_kex_msg: kern_fd 9 in_size 266
do_kex: backend kex: rc 1
do_kex: process_msg: rc 0
Using a nonsense rng (outputs 0x01 bytes always)
do_kex: process_msg: rc 1
kern_send_kex_msg: kern_fd 10 in_size 266
do_kex: backend kex: rc 1
do_kex: process_msg: rc 0
#### PRIVATE DIFF MODE ENABLED! ####
#### PRIVATE DIFF MODE ENABLED! ####
Disable ENCRYPTION with NO_ENCRYPT
Disable GL+ENCRYPTION with DISABLE_GPU_ENC
ui/sdl.c:139,gpu_set_gl_properties is ignored because the screen width is not 1024
resizing to 640 480
resizing to 720 400
resizing to 800 599
resizing to 1024 768
Disable ENCRYPTION with NO_ENCRYPT
Disable GL+ENCRYPTION with DISABLE_GPU_ENC
Allocating host and CUDA memory and loading image file...
Loading extensions: No error
Creating GL texture 1024x768...
Texture created.
Creating PBO...
PBO created.
encryption inited,buffer created
GPU thread Initialized
Avg_fps=35.699, time_per_frame=28012.000us, gpu=21329.000us, cpu=6672.000us 
Avg_fps=66.454, time_per_frame=14724.000us, gpu=13126.000us, cpu=1587.000us 
Avg_fps=67.213, time_per_frame=14726.000us, gpu=13127.000us, cpu=1587.000us 
Avg_fps=67.400, time_per_frame=14745.000us, gpu=13141.000us, cpu=1593.000us 
Avg_fps=67.522, time_per_frame=14783.000us, gpu=13122.000us, cpu=1650.000us 
Avg_fps=67.543, time_per_frame=14688.000us, gpu=13088.000us, cpu=1588.000us 
Avg_fps=67.599, time_per_frame=14691.000us, gpu=13094.000us, cpu=1586.000us 
Avg_fps=67.616, time_per_frame=14709.000us, gpu=13112.000us, cpu=1586.000us 
Avg_fps=67.644, time_per_frame=14687.000us, gpu=13084.000us, cpu=1592.000us 
Avg_fps=67.661, time_per_frame=14700.000us, gpu=13093.000us, cpu=1596.000us 
Avg_fps=67.690, time_per_frame=14714.000us, gpu=13118.000us, cpu=1585.000us 
Avg_fps=67.711, time_per_frame=14705.000us, gpu=13109.000us, cpu=1585.000us 
Avg_fps=67.730, time_per_frame=14695.000us, gpu=13097.000us, cpu=1586.000us 
Avg_fps=67.744, time_per_frame=14719.000us, gpu=13109.000us, cpu=1599.000us 
Avg_fps=67.753, time_per_frame=14717.000us, gpu=13105.000us, cpu=1601.000us 
Avg_fps=67.762, time_per_frame=14724.000us, gpu=13112.000us, cpu=1601.000us 
Avg_fps=67.772, time_per_frame=14695.000us, gpu=13098.000us, cpu=1586.000us 
Avg_fps=67.778, time_per_frame=14782.000us, gpu=13127.000us, cpu=1644.000us 
Avg_fps=67.789, time_per_frame=14676.000us, gpu=13077.000us, cpu=1587.000us 
Avg_fps=67.798, time_per_frame=14816.000us, gpu=13138.000us, cpu=1667.000us 
Avg_fps=67.804, time_per_frame=14710.000us, gpu=13110.000us, cpu=1588.000us 
Avg_fps=67.813, time_per_frame=14719.000us, gpu=13121.000us, cpu=1587.000us 
Avg_fps=67.815, time_per_frame=14817.000us, gpu=13213.000us, cpu=1593.000us 
Avg_fps=67.817, time_per_frame=14808.000us, gpu=13194.000us, cpu=1603.000us 
Avg_fps=67.817, time_per_frame=14722.000us, gpu=13109.000us, cpu=1602.000us 
Avg_fps=67.812, time_per_frame=14766.000us, gpu=13159.000us, cpu=1596.000us 
Avg_fps=67.820, time_per_frame=14653.000us, gpu=13055.000us, cpu=1587.000us 
Avg_fps=67.828, time_per_frame=14704.000us, gpu=13093.000us, cpu=1600.000us 
Avg_fps=67.829, time_per_frame=14742.000us, gpu=13128.000us, cpu=1603.000us 
Avg_fps=67.825, time_per_frame=14701.000us, gpu=13103.000us, cpu=1587.000us 
Avg_fps=67.807, time_per_frame=14712.000us, gpu=13118.000us, cpu=1583.000us 
Avg_fps=67.785, time_per_frame=14732.000us, gpu=13125.000us, cpu=1595.000us 
Avg_fps=67.782, time_per_frame=14699.000us, gpu=13094.000us, cpu=1594.000us 
Avg_fps=67.784, time_per_frame=14784.000us, gpu=13187.000us, cpu=1586.000us 
Avg_fps=67.787, time_per_frame=14729.000us, gpu=13132.000us, cpu=1586.000us 
Avg_fps=67.786, time_per_frame=14797.000us, gpu=13197.000us, cpu=1589.000us 
Avg_fps=67.786, time_per_frame=14756.000us, gpu=13091.000us, cpu=1654.000us 
Avg_fps=67.786, time_per_frame=14731.000us, gpu=13115.000us, cpu=1605.000us 
Avg_fps=67.790, time_per_frame=14697.000us, gpu=13101.000us, cpu=1585.000us 
Avg_fps=67.794, time_per_frame=14697.000us, gpu=13103.000us, cpu=1583.000us 
Avg_fps=67.797, time_per_frame=14681.000us, gpu=13083.000us, cpu=1587.000us 
Avg_fps=67.801, time_per_frame=14712.000us, gpu=13117.000us, cpu=1584.000us 
Avg_fps=67.806, time_per_frame=14678.000us, gpu=13082.000us, cpu=1585.000us 
Avg_fps=67.806, time_per_frame=14689.000us, gpu=13093.000us, cpu=1585.000us 
Avg_fps=67.807, time_per_frame=14708.000us, gpu=13111.000us, cpu=1586.000us 
Avg_fps=67.810, time_per_frame=14720.000us, gpu=13110.000us, cpu=1599.000us 
Avg_fps=67.813, time_per_frame=14680.000us, gpu=13082.000us, cpu=1587.000us 
Avg_fps=67.814, time_per_frame=14807.000us, gpu=13211.000us, cpu=1585.000us 
Avg_fps=67.816, time_per_frame=14711.000us, gpu=13102.000us, cpu=1598.000us 
Avg_fps=67.818, time_per_frame=14681.000us, gpu=13085.000us, cpu=1585.000us 
Avg_fps=67.820, time_per_frame=14707.000us, gpu=13108.000us, cpu=1588.000us 
Avg_fps=67.823, time_per_frame=14680.000us, gpu=13084.000us, cpu=1585.000us 
Avg_fps=67.825, time_per_frame=14740.000us, gpu=13134.000us, cpu=1595.000us 
Avg_fps=67.811, time_per_frame=14697.000us, gpu=13084.000us, cpu=1601.000us 
Avg_fps=67.810, time_per_frame=14766.000us, gpu=13104.000us, cpu=1651.000us 
Avg_fps=67.812, time_per_frame=14745.000us, gpu=13095.000us, cpu=1639.000us 
Avg_fps=67.816, time_per_frame=14717.000us, gpu=13120.000us, cpu=1586.000us 
Avg_fps=67.818, time_per_frame=14838.000us, gpu=13106.000us, cpu=1721.000us 
Avg_fps=67.820, time_per_frame=14706.000us, gpu=13107.000us, cpu=1588.000us 
Avg_fps=67.821, time_per_frame=14764.000us, gpu=13158.000us, cpu=1595.000us 
Avg_fps=67.819, time_per_frame=14702.000us, gpu=13106.000us, cpu=1585.000us 
Avg_fps=67.819, time_per_frame=14715.000us, gpu=13101.000us, cpu=1603.000us 
Avg_fps=67.819, time_per_frame=14690.000us, gpu=13094.000us, cpu=1585.000us 
Avg_fps=67.821, time_per_frame=14761.000us, gpu=13108.000us, cpu=1642.000us 
Avg_fps=67.823, time_per_frame=14771.000us, gpu=13111.000us, cpu=1649.000us 
Avg_fps=67.824, time_per_frame=14657.000us, gpu=13060.000us, cpu=1586.000us 
Avg_fps=67.826, time_per_frame=14698.000us, gpu=13101.000us, cpu=1586.000us 
Avg_fps=67.827, time_per_frame=14729.000us, gpu=13132.000us, cpu=1586.000us 
Avg_fps=67.828, time_per_frame=14709.000us, gpu=13111.000us, cpu=1587.000us 
Avg_fps=67.829, time_per_frame=14767.000us, gpu=13090.000us, cpu=1666.000us 
Avg_fps=67.830, time_per_frame=14690.000us, gpu=13087.000us, cpu=1592.000us 
Avg_fps=67.832, time_per_frame=14796.000us, gpu=13197.000us, cpu=1588.000us 
Avg_fps=67.834, time_per_frame=14689.000us, gpu=13092.000us, cpu=1586.000us 
Avg_fps=67.834, time_per_frame=14771.000us, gpu=13160.000us, cpu=1600.000us 
Avg_fps=67.835, time_per_frame=14696.000us, gpu=13100.000us, cpu=1585.000us 
Avg_fps=67.837, time_per_frame=14744.000us, gpu=13093.000us, cpu=1640.000us 
Avg_fps=67.839, time_per_frame=14688.000us, gpu=13092.000us, cpu=1585.000us 
Avg_fps=67.840, time_per_frame=14721.000us, gpu=13125.000us, cpu=1585.000us 
Avg_fps=67.842, time_per_frame=14713.000us, gpu=13116.000us, cpu=1586.000us 
Avg_fps=67.838, time_per_frame=14826.000us, gpu=13173.000us, cpu=1642.000us 
utils/kvm_linux: line 215:  5774 Killed                  ${CMD}
