/var/local/sangmank/privos/host/qemu-kvm-0.15.1/x86_64-softmmu/qemu-system-x86_64 -m 2048 -net nic,model=virtio,encrypt,macaddr=52:54:C0:20:D5:3B -net user,net=10.0.0.0/8,dhcpstart=10.0.0.1 -redir tcp:8080:10.0.0.1:80 -redir tcp:2222:10.0.0.1:22 --snapshot /var/local/sangmank/privos/diff_base.img -priv-sound -priv-diff
Using a nonsense rng (outputs 0x01 bytes always)
do_kex: process_msg: rc 1
kern_send_kex_msg: kern_fd 9 in_size 266
do_kex: backend kex: rc 1
do_kex: process_msg: rc 0
Using a nonsense rng (outputs 0x01 bytes always)
do_kex: process_msg: rc 1
kern_send_kex_msg: kern_fd 10 in_size 266
do_kex: backend kex: rc 1
do_kex: process_msg: rc 0
#### PRIVATE DIFF MODE ENABLED! ####
#### PRIVATE DIFF MODE ENABLED! ####
Disable ENCRYPTION with NO_ENCRYPT
Disable GL+ENCRYPTION with DISABLE_GPU_ENC
ui/sdl.c:139,gpu_set_gl_properties is ignored because the screen width is not 1024
resizing to 640 480
resizing to 720 400
resizing to 800 599
resizing to 1024 768
Disable ENCRYPTION with NO_ENCRYPT
Disable GL+ENCRYPTION with DISABLE_GPU_ENC
Allocating host and CUDA memory and loading image file...
Loading extensions: No error
Creating GL texture 1024x768...
Texture created.
Creating PBO...
PBO created.
encryption inited,buffer created
GPU thread Initialized
Avg_fps=33.739, time_per_frame=29639.000us, gpu=20856.000us, cpu=8772.000us 
Avg_fps=63.919, time_per_frame=14923.000us, gpu=13282.000us, cpu=1630.000us 
Avg_fps=63.506, time_per_frame=15366.000us, gpu=13755.000us, cpu=1600.000us 
Avg_fps=64.088, time_per_frame=15058.000us, gpu=13442.000us, cpu=1605.000us 
Avg_fps=64.217, time_per_frame=14991.000us, gpu=13374.000us, cpu=1606.000us 
Avg_fps=64.639, time_per_frame=14961.000us, gpu=13211.000us, cpu=1739.000us 
Avg_fps=64.944, time_per_frame=14871.000us, gpu=13258.000us, cpu=1602.000us 
Avg_fps=64.699, time_per_frame=14867.000us, gpu=13254.000us, cpu=1602.000us 
Avg_fps=64.756, time_per_frame=14784.000us, gpu=13124.000us, cpu=1649.000us 
Avg_fps=65.047, time_per_frame=14817.000us, gpu=13155.000us, cpu=1651.000us 
Avg_fps=65.278, time_per_frame=14868.000us, gpu=13242.000us, cpu=1615.000us 
Avg_fps=65.387, time_per_frame=14922.000us, gpu=13312.000us, cpu=1599.000us 
Avg_fps=65.469, time_per_frame=14704.000us, gpu=13103.000us, cpu=1590.000us 
Avg_fps=65.556, time_per_frame=16839.000us, gpu=13098.000us, cpu=3730.000us 
Avg_fps=65.567, time_per_frame=14822.000us, gpu=13195.000us, cpu=1591.000us 
Avg_fps=65.604, time_per_frame=14875.000us, gpu=13231.000us, cpu=1633.000us 
Avg_fps=65.622, time_per_frame=14828.000us, gpu=13161.000us, cpu=1656.000us 
Avg_fps=65.529, time_per_frame=14912.000us, gpu=13194.000us, cpu=1707.000us 
Avg_fps=65.477, time_per_frame=18372.000us, gpu=13353.000us, cpu=5008.000us 
Avg_fps=65.362, time_per_frame=14839.000us, gpu=13148.000us, cpu=1680.000us 
Avg_fps=65.270, time_per_frame=15826.000us, gpu=14203.000us, cpu=1612.000us 
Avg_fps=65.173, time_per_frame=15488.000us, gpu=13876.000us, cpu=1601.000us 
Avg_fps=65.175, time_per_frame=15544.000us, gpu=13905.000us, cpu=1628.000us 
Avg_fps=65.156, time_per_frame=14893.000us, gpu=13286.000us, cpu=1596.000us 
utils/kvm_linux: line 215:  6211 Killed                  ${CMD}
